{
  "0 debug pnpm:scope": {
    "selected": 1
  },
  "1 info pnpm": {
    "err": {
      "name": "Error",
      "message": "not found: creacte",
      "code": "ENOENT",
      "stack": "Error: not found: creacte\n    at getNotFoundError (/usr/local/Cellar/pnpm/7.1.2/libexec/lib/node_modules/pnpm/dist/pnpm.cjs:41677:51)\n    at Function.whichSync [as sync] (/usr/local/Cellar/pnpm/7.1.2/libexec/lib/node_modules/pnpm/dist/pnpm.cjs:41754:13)\n    at getCommandAbsolutePathSync (/usr/local/Cellar/pnpm/7.1.2/libexec/lib/node_modules/pnpm/dist/pnpm.cjs:43319:44)\n    at default_1 (/usr/local/Cellar/pnpm/7.1.2/libexec/lib/node_modules/pnpm/dist/pnpm.cjs:43328:32)\n    at /usr/local/Cellar/pnpm/7.1.2/libexec/lib/node_modules/pnpm/dist/pnpm.cjs:172151:39"
    }
  },
  "2 error pnpm": {
    "code": "ERR_PNPM_RECURSIVE_EXEC_FIRST_FAIL",
    "prefix": "/Users/joslynyang/Desktop/learn",
    "err": {
      "name": "pnpm",
      "message": "not found: creacte",
      "code": "ERR_PNPM_RECURSIVE_EXEC_FIRST_FAIL",
      "stack": "Error: not found: creacte\n    at getNotFoundError (/usr/local/Cellar/pnpm/7.1.2/libexec/lib/node_modules/pnpm/dist/pnpm.cjs:41677:51)\n    at Function.whichSync [as sync] (/usr/local/Cellar/pnpm/7.1.2/libexec/lib/node_modules/pnpm/dist/pnpm.cjs:41754:13)\n    at getCommandAbsolutePathSync (/usr/local/Cellar/pnpm/7.1.2/libexec/lib/node_modules/pnpm/dist/pnpm.cjs:43319:44)\n    at default_1 (/usr/local/Cellar/pnpm/7.1.2/libexec/lib/node_modules/pnpm/dist/pnpm.cjs:43328:32)\n    at /usr/local/Cellar/pnpm/7.1.2/libexec/lib/node_modules/pnpm/dist/pnpm.cjs:172151:39"
    }
  }
}